<?xml version="1.0" encoding="UTF-8"?>
<!-- Generated by org.testng.reporters.JUnitReportReporter -->
<testsuite hostname="NZQAMINTYB2" failures="0" tests="6" name="runner.TestRunner" time="68.896" errors="0" timestamp="2023-07-03T00:02:40 NZST" skipped="0">
  <testcase classname="runner.TestRunner" name="runScenario" time="6.528"/>
  <system-out/>
  <testcase classname="runner.TestRunner" name="runScenario" time="6.664"/>
  <system-out/>
  <testcase classname="runner.TestRunner" name="runScenario" time="4.543"/>
  <system-out/>
  <testcase classname="runner.TestRunner" name="runScenario" time="22.823"/>
  <system-out/>
  <testcase classname="runner.TestRunner" name="runScenario" time="5.988"/>
  <system-out/>
  <testcase classname="runner.TestRunner" name="runScenario" time="22.350"/>
  <system-out/>
</testsuite> <!-- runner.TestRunner -->
